10 [139968210782080] INFO perfrun.launcher <> - Launcher main begin
18 [139968210782080] INFO perfrun.launcher <> - MessageCatalogInit finished
18 [139968210782080] INFO perfrun.launcher <> - Launcher instance created
18 [139968210782080] INFO perfrun.launcher <> - argc = 6; cmdline = /glob/development-tools/versions/oneapi/2023.1.2/oneapi/vtune/2023.1.0/bin64/amplxe-runss -dump-vdso -r /home/u193166/eece-6540-labs/Labs/lab4/vtune_data --tmp-dir /home/u193166/tmp/amplxe-tmp-u193166 
61 [139968210782080] INFO perfrun.launcher <> - create msngr2::ICliToolContext
62 [139968210782080] INFO perfrun.launcher <> - create file finder object
83 [139968197445376] INFO perfrun.launcher <> - plugin [remoteplug] was disabled because it doesn't support the given collection type.
83 [139968197445376] INFO perfrun.launcher <> - plugin [system] was disabled because it doesn't support the given collection type.
83 [139968197445376] INFO perfrun.vdso <> - dumping [vdso] pseudomodule
99 [139968197445376] INFO perfrun.launcher <> - plugin [itt] was disabled because it doesn't support the given collection type.
99 [139968197445376] INFO perfrun.launcher <> - plugin [ptracecollector] was disabled because it doesn't support the given collection type.
99 [139968197445376] INFO perfrun.launcher <> - plugin [gpu] was disabled because it doesn't support the given collection type.
99 [139968197445376] INFO perfrun.launcher <> - plugin [] was disabled because it doesn't support the given collection type.
99 [139968197445376] INFO perfrun.launcher <> - plugin [] was disabled because it doesn't support the given collection type.
99 [139968197445376] INFO perfrun.launcher <> - plugin [] was disabled because it doesn't support the given collection type.
99 [139968197445376] INFO perfrun.launcher <> - plugin [mrte] was disabled because it doesn't support the given collection type.
99 [139968197445376] INFO perfrun.launcher <> - plugin [emon] was disabled because it doesn't support the given collection type.
99 [139968197445376] INFO perfrun.launcher <> - plugin [cuscol] was disabled because it doesn't support the given collection type.
99 [139968197445376] INFO perfrun.launcher <> - plugin [stdsrc] was disabled because it doesn't support the given collection type.
99 [139968197445376] INFO perfrun.launcher <> - plugin [sep] was disabled because it doesn't support the given collection type.
99 [139968197445376] INFO perfrun.launcher <> - plugin [vtsspp] was disabled because it doesn't support the given collection type.
99 [139968197445376] INFO perfrun.launcher <> - plugin [perf] was disabled because it doesn't support the given collection type.
99 [139968197445376] INFO perfrun.launcher <> - plugin [aoclprofile] was disabled because it doesn't support the given collection type.
99 [139968197445376] INFO perfrun.launcher <> - plugin [tpss] was disabled because it doesn't support the given collection type.
99 [139968197445376] INFO perfrun.launcher <> - plugin [media] was disabled because it doesn't support the given collection type.
99 [139968197445376] INFO perfrun.launcher <> - plugin [] was disabled because it doesn't support the given collection type.
99 [139968197445376] INFO perfrun.launcher <> - plugin [] was disabled because it doesn't support the given collection type.
99 [139968197445376] INFO perfrun.launcher <> - plugin [parallelfs] was disabled because it doesn't support the given collection type.
99 [139968197445376] INFO perfrun.launcher <> - plugin [power] was disabled because it doesn't support the given collection type.
99 [139968197445376] INFO perfrun.launcher <> - plugin [hwloc] was disabled because it doesn't support the given collection type.
99 [139968197445376] INFO perfrun.launcher <> - plugin [ipmwatch] was disabled because it doesn't support the given collection type.
99 [139968197445376] INFO perfrun.launcher <> - plugin [os_counters] was disabled because it doesn't support the given collection type.
99 [139968197445376] INFO perfrun.launcher <> - plugin [l0_metrics] was disabled because it doesn't support the given collection type.
100 [139968210782080] INFO perfrun.launcher <> - Application exit code: 0
100 [139968210782080] INFO perfrun.launcher <> - Exit code: 0
