13 [140636797294464] INFO perfrun.launcher <> - Launcher main begin
24 [140636797294464] INFO perfrun.launcher <> - MessageCatalogInit finished
24 [140636797294464] INFO perfrun.launcher <> - Launcher instance created
24 [140636797294464] INFO perfrun.launcher <> - argc = 7; cmdline = /glob/development-tools/versions/oneapi/2023.1.2/oneapi/vtune/2023.1.0/bin64/amplxe-runss --ui-output-format xml --ui-output-fd 5 --option-file /home/u193166/eece-6540-labs/Labs/lab4/vtune_data/config/runsa.options 
86 [140636797294464] INFO perfrun.launcher <> - create msngr2::ICliToolContext
86 [140636797294464] INFO perfrun.launcher <> - create file finder object
86 [140636797294464] INFO perfrun.launcher <> - create a result directory: pattern = /home/u193166/eece-6540-labs/Labs/lab4/vtune_data pid = 4294967295
109 [140636797294464] INFO perfrun.sdk <> - checked that the directory /home/u193166/eece-6540-labs/Labs/lab4/vtune_data is a local directory
110 [140636797294464] INFO perfrun.sdk <> - the directory /home/u193166/eece-6540-labs/Labs/lab4/vtune_data is located on a share or its FS ID is unknown 26985
110 [140636797294464] INFO perfrun.sdk <> - checked that the directory /home/u193166/tmp/amplxe-tmp-u193166 is a local directory
110 [140636797294464] INFO perfrun.sdk <> - the directory /home/u193166/tmp/amplxe-tmp-u193166 is located on a share or its FS ID is unknown 26985
113 [140636797294464] INFO perfrun.launcher <> - create data directory = /home/u193166/eece-6540-labs/Labs/lab4/vtune_data/data.0
119 [140636797294464] INFO perfrun.launcher <> - Creating the master collection flag
125 [140636797294464] INFO perfrun.launcher <> - Done creating the master collection flag
146 [140636783957760] INFO perfrun.launcher <> - plugin [remoteplug] was disabled because it doesn't support the given collection type.
147 [140636783957760] INFO perfrun.sdk <> - Allocating TMU :/home/u193166/eece-6540-labs/Labs/lab4/vtune_data/data.0/systemcollector-690637-s019-n016.sc
154 [140636783957760] INFO perfrun.system <> - Tpss based collection
155 [140636783957760] INFO perfrun.launcher <> - plugin [ptracecollector] was disabled because it doesn't support the given collection type.
155 [140636783957760] INFO perfrun.gpu <> - Event consumer configurations: 
156 [140636783957760] INFO perfrun.sdk <> - Reading value (0) from file: /proc/sys/dev/i915/perf_stream_paranoid
156 [140636783957760] WARN perfrun.sdk <> - Metrics Discovery library was not found, lib name: 'libigdmd.so.1', lib path: '', at file: _sdks/release_posix-x86_64_icl_19.1.2_gnutools_6.3_binutils_2.28/perfrun_1.30.2/include/perfrun1/pluginsdk/metrics_discovery_lib.hpp:828
156 [140636783957760] WARN perfrun.sdk <> - Metrics Discovery library was not found, lib name: 'libmd.so', lib path: '', at file: _sdks/release_posix-x86_64_icl_19.1.2_gnutools_6.3_binutils_2.28/perfrun_1.30.2/include/perfrun1/pluginsdk/metrics_discovery_lib.hpp:828
156 [140636783957760] WARN perfrun.sdk <> - Metrics Discovery library was not found, lib name: 'libmd.so.1', lib path: '', at file: _sdks/release_posix-x86_64_icl_19.1.2_gnutools_6.3_binutils_2.28/perfrun_1.30.2/include/perfrun1/pluginsdk/metrics_discovery_lib.hpp:828
156 [140636783957760] WARN perfrun.sdk <> - Metrics Discovery library was not found, lib name: 'libigdmd.so.1', lib path: '/usr/local/lib', at file: _sdks/release_posix-x86_64_icl_19.1.2_gnutools_6.3_binutils_2.28/perfrun_1.30.2/include/perfrun1/pluginsdk/metrics_discovery_lib.hpp:828
156 [140636783957760] WARN perfrun.sdk <> - Metrics Discovery library was not found, lib name: 'libmd.so', lib path: '/usr/local/lib', at file: _sdks/release_posix-x86_64_icl_19.1.2_gnutools_6.3_binutils_2.28/perfrun_1.30.2/include/perfrun1/pluginsdk/metrics_discovery_lib.hpp:828
156 [140636783957760] WARN perfrun.sdk <> - Metrics Discovery library was not found, lib name: 'libmd.so.1', lib path: '/usr/local/lib', at file: _sdks/release_posix-x86_64_icl_19.1.2_gnutools_6.3_binutils_2.28/perfrun_1.30.2/include/perfrun1/pluginsdk/metrics_discovery_lib.hpp:828
156 [140636783957760] WARN perfrun.sdk <> - Metrics Discovery library was not found, lib name: 'libigdmd.so.1', lib path: '/opt/intel/opencl', at file: _sdks/release_posix-x86_64_icl_19.1.2_gnutools_6.3_binutils_2.28/perfrun_1.30.2/include/perfrun1/pluginsdk/metrics_discovery_lib.hpp:828
156 [140636783957760] WARN perfrun.sdk <> - Metrics Discovery library was not found, lib name: 'libmd.so', lib path: '/opt/intel/opencl', at file: _sdks/release_posix-x86_64_icl_19.1.2_gnutools_6.3_binutils_2.28/perfrun_1.30.2/include/perfrun1/pluginsdk/metrics_discovery_lib.hpp:828
156 [140636783957760] WARN perfrun.sdk <> - Metrics Discovery library was not found, lib name: 'libmd.so.1', lib path: '/opt/intel/opencl', at file: _sdks/release_posix-x86_64_icl_19.1.2_gnutools_6.3_binutils_2.28/perfrun_1.30.2/include/perfrun1/pluginsdk/metrics_discovery_lib.hpp:828
166 [140636783957760] INFO perfrun.gpu <> - DeviceInfo: address 0:0:2.0 subdevice index 0 preset 1 sampling interval 1000us
166 [140636783957760] INFO perfrun.launcher <> - plugin [] was disabled because it doesn't support the given collection type.
166 [140636783957760] INFO perfrun.launcher <> - plugin [] was disabled because it doesn't support the given collection type.
166 [140636783957760] INFO perfrun.launcher <> - plugin [] was disabled because it doesn't support the given collection type.
166 [140636783957760] INFO perfrun.mrte <> - system-wide mode is 0
167 [140636783957760] INFO perfrun.mrte <> - Getting  mrte profiling environment ...
317 [140636783957760] INFO perfrun.mrte <> - INTEL_MRTE_DATA_DIR=/home/u193166/eece-6540-labs/Labs/lab4/vtune_data/data.0
317 [140636783957760] INFO perfrun.mrte <> - INTEL_MRTE_HOST_NAME=s019-n016
317 [140636783957760] INFO perfrun.mrte <> - JAVA_TOOL_OPTIONS=-agentlib:amplxe_tpssmrte_javaprof_1.0 -Dsun.boot.library.path=/glob/development-tools/versions/oneapi/2023.1.2/oneapi/vtune/2023.1.0/lib32/runtime:/glob/development-tools/versions/oneapi/2023.1.2/oneapi/vtune/2023.1.0/lib64/runtime
317 [140636783957760] INFO perfrun.mrte <> - LD_LIBRARY_PATH=/glob/development-tools/versions/oneapi/2023.1.2/oneapi/vtune/2023.1.0/lib32/runtime:/glob/development-tools/versions/oneapi/2023.1.2/oneapi/vtune/2023.1.0/lib64/runtime:/glob/development-tools/versions/oneapi/2023.1.2/oneapi/tbb/2021.9.0/env/../lib/intel64/gcc4.8:/glob/development-tools/versions/oneapi/2023.1.2/oneapi/rkcommon/1.11.0/lib:/glob/development-tools/versions/oneapi/2023.1.2/oneapi/ospray_studio/0.12.0/lib:/glob/development-tools/versions/oneapi/2023.1.2/oneapi/ospray/2.11.0/lib:/glob/development-tools/versions/oneapi/2023.1.2/oneapi/openvkl/1.3.2/lib:/glob/development-tools/versions/oneapi/2023.1.2/oneapi/openpgl/0.5.0/lib:/glob/development-tools/versions/oneapi/2023.1.2/oneapi/oidn/1.4.3/lib:/glob/development-tools/versions/oneapi/2023.1.2/oneapi/mpi/2021.9.0//libfabric/lib:/glob/development-tools/versions/oneapi/2023.1.2/oneapi/mpi/2021.9.0//lib/release:/glob/development-tools/versions/oneapi/2023.1.2/oneapi/mpi/2021.9.0//lib:/glob/development-tools/versions/oneapi/2023.1.2/oneapi/mkl/2023.1.0/lib/intel64:/glob/development-tools/versions/oneapi/2023.1.2/oneapi/itac/2021.9.0/slib:/glob/development-tools/versions/oneapi/2023.1.2/oneapi/ispc/1.19.0/lib:/glob/development-tools/versions/oneapi/2023.1.2/oneapi/ipp/2021.8.0/lib/intel64:/glob/development-tools/versions/oneapi/2023.1.2/oneapi/ippcp/2021.7.0/lib/intel64:/glob/development-tools/versions/oneapi/2023.1.2/oneapi/ipp/2021.8.0/lib/intel64:/glob/development-tools/versions/oneapi/2023.1.2/oneapi/embree/4.0.1/lib:/glob/development-tools/versions/oneapi/2023.1.2/oneapi/dnnl/2023.1.0/cpu_dpcpp_gpu_dpcpp/lib:/glob/development-tools/versions/oneapi/2023.1.2/oneapi/debugger/2023.1.0/gdb/intel64/lib:/glob/development-tools/versions/oneapi/2023.1.2/oneapi/debugger/2023.1.0/libipt/intel64/lib:/glob/development-tools/versions/oneapi/2023.1.2/oneapi/debugger/2023.1.0/dep/lib:/glob/development-tools/versions/oneapi/2023.1.2/oneapi/dal/2023.1.0/lib/intel64:/glob/development-tools/versions/oneapi/2023.1.2/oneapi/compiler/2023.1.0/linux/lib:/glob/development-tools/versions/oneapi/2023.1.2/oneapi/compiler/2023.1.0/linux/lib/x64:/glob/development-tools/versions/oneapi/2023.1.2/oneapi/compiler/2023.1.0/linux/lib/oclfpga/host/linux64/lib:/glob/development-tools/versions/oneapi/2023.1.2/oneapi/compiler/2023.1.0/linux/compiler/lib/intel64_lin:/glob/development-tools/versions/oneapi/2023.1.2/oneapi/ccl/2021.9.0/lib/cpu_gpu_dpcpp
317 [140636783957760] INFO perfrun.mrte <> - CORECLR_ENABLE_PROFILING=1
317 [140636783957760] INFO perfrun.mrte <> - CORECLR_PROFILER={AA5E4821-E3B1-479c-B7FF-5AD047D22CED}
317 [140636783957760] INFO perfrun.mrte <> - CORECLR_PROFILER_PATH=/glob/development-tools/versions/oneapi/2023.1.2/oneapi/vtune/2023.1.0/lib64/libamplxe_samplingmrte_clrprof_1.0.so
317 [140636783957760] INFO perfrun.mrte <> - INTEL_MRTE_PROFILER_MODE=mixed
317 [140636783957760] INFO perfrun.mrte <> - Data directory: /home/u193166/eece-6540-labs/Labs/lab4/vtune_data/data.0
317 [140636783957760] INFO perfrun.mrte <> - Mrte plugin is initialized
317 [140636783957760] INFO perfrun.launcher <> - plugin [emon] was disabled because it doesn't support the given collection type.
317 [140636783957760] INFO perfrun.launcher <> - plugin [cuscol] was disabled because it doesn't support the given collection type.
317 [140636783957760] INFO perfrun.launcher <> - plugin [stdsrc] was disabled because it doesn't support the given collection type.
363 [140636783957760] INFO perfrun.sdk <> - runCmd: /glob/development-tools/versions/oneapi/2023.1.2/oneapi/vtune/2023.1.0/bin64/sep -dry-run -ec CPU_CLK_UNHALTED.THREAD:sa=3300000,CPU_CLK_UNHALTED.REF_TSC:sample:sa=3300000,INST_RETIRED.ANY:sample:sa=3300000,CPU_CLK_UNHALTED.DISTRIBUTED:sa=3300000 -experimental
364 [140636783957760] INFO perfrun.sdk <> - runCmd started PID 690641
509 [140636783957760] INFO perfrun.launcher <> - plugin [vtsspp] was disabled because it doesn't support the given collection type.
509 [140636783957760] INFO perfrun.launcher <> - plugin [perf] was disabled because it doesn't support the given collection type.
509 [140636783957760] INFO perfrun.launcher <> - plugin [aoclprofile] was disabled because it doesn't support the given collection type.
509 [140636783957760] INFO perfrun.tpss <> - initialize tpss controller
509 [140636783957760] INFO perfrun.tpss <> - configure collection mode: value = opencl_ex:nostack|0:0:2.0
509 [140636783957760] INFO perfrun.tpss <> - configure collection mode: value = opencl:nostack|0:0:2.0
509 [140636783957760] INFO perfrun.tpss <> - configure collection mode: value = mediasdk:nostack|0:0:2.0
509 [140636783957760] INFO perfrun.tpss <> - configure collection mode: value = level_zero:nostack|0:0:2.0
509 [140636783957760] INFO perfrun.tpss <> - default obj-size-min=1024
509 [140636783957760] INFO perfrun.tpss <> - default hash-table-size=0
509 [140636783957760] INFO perfrun.launcher <> - plugin [] was disabled because it doesn't support the given collection type.
509 [140636783957760] INFO perfrun.launcher <> - plugin [] was disabled because it doesn't support the given collection type.
509 [140636783957760] INFO perfrun.launcher <> - plugin [parallelfs] was disabled because it doesn't support the given collection type.
509 [140636783957760] INFO perfrun.launcher <> - plugin [power] was disabled because it doesn't support the given collection type.
509 [140636783957760] INFO perfrun.launcher <> - plugin [hwloc] was disabled because it doesn't support the given collection type.
509 [140636783957760] INFO perfrun.launcher <> - plugin [ipmwatch] was disabled because it doesn't support the given collection type.
509 [140636783957760] INFO perfrun.launcher <> - plugin [os_counters] was disabled because it doesn't support the given collection type.
509 [140636783957760] INFO perfrun.launcher <> - plugin [l0_metrics] was disabled because it doesn't support the given collection type.
510 [140636797294464] INFO perfrun.launcher <> - set environment variable: LD_LIBRARY_PATH = /glob/development-tools/versions/oneapi/2023.1.2/oneapi/vtune/2023.1.0/lib32/runtime:/glob/development-tools/versions/oneapi/2023.1.2/oneapi/vtune/2023.1.0/lib64/runtime:/glob/development-tools/versions/oneapi/2023.1.2/oneapi/tbb/2021.9.0/env/../lib/intel64/gcc4.8:/glob/development-tools/versions/oneapi/2023.1.2/oneapi/rkcommon/1.11.0/lib:/glob/development-tools/versions/oneapi/2023.1.2/oneapi/ospray_studio/0.12.0/lib:/glob/development-tools/versions/oneapi/2023.1.2/oneapi/ospray/2.11.0/lib:/glob/development-tools/versions/oneapi/2023.1.2/oneapi/openvkl/1.3.2/lib:/glob/development-tools/versions/oneapi/2023.1.2/oneapi/openpgl/0.5.0/lib:/glob/development-tools/versions/oneapi/2023.1.2/oneapi/oidn/1.4.3/lib:/glob/development-tools/versions/oneapi/2023.1.2/oneapi/mpi/2021.9.0//libfabric/lib:/glob/development-tools/versions/oneapi/2023.1.2/oneapi/mpi/2021.9.0//lib/release:/glob/development-tools/versions/oneapi/2023.1.2/oneapi/mpi/2021.9.0//lib:/glob/development-tools/versions/oneapi/2023.1.2/oneapi/mkl/2023.1.0/lib/intel64:/glob/development-tools/versions/oneapi/2023.1.2/oneapi/itac/2021.9.0/slib:/glob/development-tools/versions/oneapi/2023.1.2/oneapi/ispc/1.19.0/lib:/glob/development-tools/versions/oneapi/2023.1.2/oneapi/ipp/2021.8.0/lib/intel64:/glob/development-tools/versions/oneapi/2023.1.2/oneapi/ippcp/2021.7.0/lib/intel64:/glob/development-tools/versions/oneapi/2023.1.2/oneapi/ipp/2021.8.0/lib/intel64:/glob/development-tools/versions/oneapi/2023.1.2/oneapi/embree/4.0.1/lib:/glob/development-tools/versions/oneapi/2023.1.2/oneapi/dnnl/2023.1.0/cpu_dpcpp_gpu_dpcpp/lib:/glob/development-tools/versions/oneapi/2023.1.2/oneapi/debugger/2023.1.0/gdb/intel64/lib:/glob/development-tools/versions/oneapi/2023.1.2/oneapi/debugger/2023.1.0/libipt/intel64/lib:/glob/development-tools/versions/oneapi/2023.1.2/oneapi/debugger/2023.1.0/dep/lib:/glob/development-tools/versions/oneapi/2023.1.2/oneapi/dal/2023.1.0/lib/intel64:/glob/development-tools/versions/oneapi/2023.1.2/oneapi/compiler/2023.1.0/linux/lib:/glob/development-tools/versions/oneapi/2023.1.2/oneapi/compiler/2023.1.0/linux/lib/x64:/glob/development-tools/versions/oneapi/2023.1.2/oneapi/compiler/2023.1.0/linux/lib/oclfpga/host/linux64/lib:/glob/development-tools/versions/oneapi/2023.1.2/oneapi/compiler/2023.1.0/linux/compiler/lib/intel64_lin:/glob/development-tools/versions/oneapi/2023.1.2/oneapi/ccl/2021.9.0/lib/cpu_gpu_dpcpp
510 [140636797294464] INFO perfrun.launcher <> - set environment variable: INTEL_LIBITTNOTIFY32 = /glob/development-tools/versions/oneapi/2023.1.2/oneapi/vtune/2023.1.0/lib32/runtime/libittnotify_collector.so
510 [140636797294464] INFO perfrun.launcher <> - set environment variable: INTEL_LIBITTNOTIFY64 = /glob/development-tools/versions/oneapi/2023.1.2/oneapi/vtune/2023.1.0/lib64/runtime/libittnotify_collector.so
510 [140636797294464] INFO perfrun.launcher <> - set environment variable: INTEL_ITTNOTIFY_GROUPS = 
510 [140636797294464] INFO perfrun.launcher <> - set environment variable: INTEL_JIT_PROFILER32 = /glob/development-tools/versions/oneapi/2023.1.2/oneapi/vtune/2023.1.0/lib32/runtime/libittnotify_collector.so
510 [140636797294464] INFO perfrun.launcher <> - set environment variable: INTEL_JIT_PROFILER64 = /glob/development-tools/versions/oneapi/2023.1.2/oneapi/vtune/2023.1.0/lib64/runtime/libittnotify_collector.so
510 [140636797294464] INFO perfrun.launcher <> - set environment variable: OMP_TOOL_LIBRARIES = /glob/development-tools/versions/oneapi/2023.1.2/oneapi/vtune/2023.1.0/lib32/runtime/libittnotify_collector.so:/glob/development-tools/versions/oneapi/2023.1.2/oneapi/vtune/2023.1.0/lib64/runtime/libittnotify_collector.so
510 [140636797294464] INFO perfrun.launcher <> - set environment variable: ENABLE_JITPROFILING = 1
510 [140636797294464] INFO perfrun.launcher <> - set environment variable: CL_CONFIG_USE_VTUNE = True
510 [140636797294464] INFO perfrun.launcher <> - set environment variable: KMP_FORKJOIN_FRAMES = 0
510 [140636797294464] INFO perfrun.launcher <> - set environment variable: KMP_FORKJOIN_FRAMES_MODE = 0
510 [140636797294464] INFO perfrun.launcher <> - set environment variable: OMP_TOOL = disabled
510 [140636797294464] INFO perfrun.launcher <> - set environment variable: INTEL_MRTE_DATA_DIR = /home/u193166/eece-6540-labs/Labs/lab4/vtune_data/data.0
510 [140636797294464] INFO perfrun.launcher <> - set environment variable: INTEL_MRTE_HOST_NAME = s019-n016
510 [140636797294464] INFO perfrun.launcher <> - set environment variable: JAVA_TOOL_OPTIONS = -agentlib:amplxe_tpssmrte_javaprof_1.0 -Dsun.boot.library.path=/glob/development-tools/versions/oneapi/2023.1.2/oneapi/vtune/2023.1.0/lib32/runtime:/glob/development-tools/versions/oneapi/2023.1.2/oneapi/vtune/2023.1.0/lib64/runtime
510 [140636797294464] INFO perfrun.launcher <> - set environment variable: LD_LIBRARY_PATH = /glob/development-tools/versions/oneapi/2023.1.2/oneapi/vtune/2023.1.0/lib32/runtime:/glob/development-tools/versions/oneapi/2023.1.2/oneapi/vtune/2023.1.0/lib64/runtime:/glob/development-tools/versions/oneapi/2023.1.2/oneapi/tbb/2021.9.0/env/../lib/intel64/gcc4.8:/glob/development-tools/versions/oneapi/2023.1.2/oneapi/rkcommon/1.11.0/lib:/glob/development-tools/versions/oneapi/2023.1.2/oneapi/ospray_studio/0.12.0/lib:/glob/development-tools/versions/oneapi/2023.1.2/oneapi/ospray/2.11.0/lib:/glob/development-tools/versions/oneapi/2023.1.2/oneapi/openvkl/1.3.2/lib:/glob/development-tools/versions/oneapi/2023.1.2/oneapi/openpgl/0.5.0/lib:/glob/development-tools/versions/oneapi/2023.1.2/oneapi/oidn/1.4.3/lib:/glob/development-tools/versions/oneapi/2023.1.2/oneapi/mpi/2021.9.0//libfabric/lib:/glob/development-tools/versions/oneapi/2023.1.2/oneapi/mpi/2021.9.0//lib/release:/glob/development-tools/versions/oneapi/2023.1.2/oneapi/mpi/2021.9.0//lib:/glob/development-tools/versions/oneapi/2023.1.2/oneapi/mkl/2023.1.0/lib/intel64:/glob/development-tools/versions/oneapi/2023.1.2/oneapi/itac/2021.9.0/slib:/glob/development-tools/versions/oneapi/2023.1.2/oneapi/ispc/1.19.0/lib:/glob/development-tools/versions/oneapi/2023.1.2/oneapi/ipp/2021.8.0/lib/intel64:/glob/development-tools/versions/oneapi/2023.1.2/oneapi/ippcp/2021.7.0/lib/intel64:/glob/development-tools/versions/oneapi/2023.1.2/oneapi/ipp/2021.8.0/lib/intel64:/glob/development-tools/versions/oneapi/2023.1.2/oneapi/embree/4.0.1/lib:/glob/development-tools/versions/oneapi/2023.1.2/oneapi/dnnl/2023.1.0/cpu_dpcpp_gpu_dpcpp/lib:/glob/development-tools/versions/oneapi/2023.1.2/oneapi/debugger/2023.1.0/gdb/intel64/lib:/glob/development-tools/versions/oneapi/2023.1.2/oneapi/debugger/2023.1.0/libipt/intel64/lib:/glob/development-tools/versions/oneapi/2023.1.2/oneapi/debugger/2023.1.0/dep/lib:/glob/development-tools/versions/oneapi/2023.1.2/oneapi/dal/2023.1.0/lib/intel64:/glob/development-tools/versions/oneapi/2023.1.2/oneapi/compiler/2023.1.0/linux/lib:/glob/development-tools/versions/oneapi/2023.1.2/oneapi/compiler/2023.1.0/linux/lib/x64:/glob/development-tools/versions/oneapi/2023.1.2/oneapi/compiler/2023.1.0/linux/lib/oclfpga/host/linux64/lib:/glob/development-tools/versions/oneapi/2023.1.2/oneapi/compiler/2023.1.0/linux/compiler/lib/intel64_lin:/glob/development-tools/versions/oneapi/2023.1.2/oneapi/ccl/2021.9.0/lib/cpu_gpu_dpcpp
510 [140636797294464] INFO perfrun.launcher <> - set environment variable: CORECLR_ENABLE_PROFILING = 1
510 [140636797294464] INFO perfrun.launcher <> - set environment variable: CORECLR_PROFILER = {AA5E4821-E3B1-479c-B7FF-5AD047D22CED}
510 [140636797294464] INFO perfrun.launcher <> - set environment variable: CORECLR_PROFILER_PATH = /glob/development-tools/versions/oneapi/2023.1.2/oneapi/vtune/2023.1.0/lib64/libamplxe_samplingmrte_clrprof_1.0.so
510 [140636797294464] INFO perfrun.launcher <> - set environment variable: INTEL_MRTE_PROFILER_MODE = mixed
510 [140636797294464] INFO perfrun.launcher <> - set environment variable: NEOReadDebugKeys = 1
510 [140636797294464] INFO perfrun.launcher <> - set environment variable: EnableDeviceBasedTimestamps = 0
510 [140636797294464] INFO perfrun.launcher <> - set environment variable: NEOReadDebugKeys = 1
510 [140636797294464] INFO perfrun.launcher <> - RpcServer: run RPC server to handle requests
514 [140636797294464] INFO perfrun.launcher <> - Launcher: command line to start before modification = /home/u193166/eece-6540-labs/Labs/lab4/iso3dfd 256 256 256 8 8 8 20 sycl gpu
528 [140636797294464] INFO perfrun.launcher <> - Launcher: command line to start after modification = /glob/development-tools/versions/oneapi/2023.1.2/oneapi/vtune/2023.1.0/bin64/pin -error_file /home/u193166/eece-6540-labs/Labs/lab4/vtune_data/data.0/pinerr.tpsslog -detach_reattach -follow_execv -tool_load_option deepbind -t64 /glob/development-tools/versions/oneapi/2023.1.2/oneapi/vtune/2023.1.0/lib64/libtpsstool.so -t /glob/development-tools/versions/oneapi/2023.1.2/oneapi/vtune/2023.1.0/lib32/libtpsstool.so -server_name tpss_ipc.690637 -prd_dir /glob/development-tools/versions/oneapi/2023.1.2/oneapi/vtune/2023.1.0 -- /home/u193166/eece-6540-labs/Labs/lab4/iso3dfd 256 256 256 8 8 8 20 sycl gpu
528 [140636797294464] INFO perfrun.launcher <> - ProcessCreator object was created
529 [140636797294464] INFO perfrun.launcher <> - Launcher: the process was started in suspend mode
530 [140636783957760] INFO perfrun.sdk <> - Reading value (0) from file: /proc/sys/dev/i915/perf_stream_paranoid
530 [140636783957760] WARN perfrun.sdk <> - Metrics Discovery library was not found, lib name: 'libigdmd.so.1', lib path: '', at file: _sdks/release_posix-x86_64_icl_19.1.2_gnutools_6.3_binutils_2.28/perfrun_1.30.2/include/perfrun1/pluginsdk/metrics_discovery_lib.hpp:828
531 [140636783957760] WARN perfrun.sdk <> - Metrics Discovery library was not found, lib name: 'libmd.so', lib path: '', at file: _sdks/release_posix-x86_64_icl_19.1.2_gnutools_6.3_binutils_2.28/perfrun_1.30.2/include/perfrun1/pluginsdk/metrics_discovery_lib.hpp:828
531 [140636783957760] WARN perfrun.sdk <> - Metrics Discovery library was not found, lib name: 'libmd.so.1', lib path: '', at file: _sdks/release_posix-x86_64_icl_19.1.2_gnutools_6.3_binutils_2.28/perfrun_1.30.2/include/perfrun1/pluginsdk/metrics_discovery_lib.hpp:828
531 [140636783957760] WARN perfrun.sdk <> - Metrics Discovery library was not found, lib name: 'libigdmd.so.1', lib path: '/usr/local/lib', at file: _sdks/release_posix-x86_64_icl_19.1.2_gnutools_6.3_binutils_2.28/perfrun_1.30.2/include/perfrun1/pluginsdk/metrics_discovery_lib.hpp:828
531 [140636783957760] WARN perfrun.sdk <> - Metrics Discovery library was not found, lib name: 'libmd.so', lib path: '/usr/local/lib', at file: _sdks/release_posix-x86_64_icl_19.1.2_gnutools_6.3_binutils_2.28/perfrun_1.30.2/include/perfrun1/pluginsdk/metrics_discovery_lib.hpp:828
532 [140636783957760] WARN perfrun.sdk <> - Metrics Discovery library was not found, lib name: 'libmd.so.1', lib path: '/usr/local/lib', at file: _sdks/release_posix-x86_64_icl_19.1.2_gnutools_6.3_binutils_2.28/perfrun_1.30.2/include/perfrun1/pluginsdk/metrics_discovery_lib.hpp:828
532 [140636783957760] WARN perfrun.sdk <> - Metrics Discovery library was not found, lib name: 'libigdmd.so.1', lib path: '/opt/intel/opencl', at file: _sdks/release_posix-x86_64_icl_19.1.2_gnutools_6.3_binutils_2.28/perfrun_1.30.2/include/perfrun1/pluginsdk/metrics_discovery_lib.hpp:828
532 [140636783957760] WARN perfrun.sdk <> - Metrics Discovery library was not found, lib name: 'libmd.so', lib path: '/opt/intel/opencl', at file: _sdks/release_posix-x86_64_icl_19.1.2_gnutools_6.3_binutils_2.28/perfrun_1.30.2/include/perfrun1/pluginsdk/metrics_discovery_lib.hpp:828
532 [140636783957760] WARN perfrun.sdk <> - Metrics Discovery library was not found, lib name: 'libmd.so.1', lib path: '/opt/intel/opencl', at file: _sdks/release_posix-x86_64_icl_19.1.2_gnutools_6.3_binutils_2.28/perfrun_1.30.2/include/perfrun1/pluginsdk/metrics_discovery_lib.hpp:828
611 [140636783957760] WARN perfrun.system <> - Could not do anything with /sys/kernel/debug/kvm: boost::filesystem::status: Permission denied: "/sys/kernel/debug/kvm", at file: vcs/perfrun1/plugins/system/src/trace_writer.cpp:787
611 [140636783957760] WARN perfrun.system <> - Folder "/var/run/libvirt/qemu/"doesn't exist, at file: vcs/perfrun1/plugins/system/src/trace_writer.cpp:800
614 [140636783957760] WARN perfrun.sdk <> - Failed to find xl binary on any of the system paths: /bin, /sbin, /usr/bin, /usr/sbin., at file: vcs/perfrun1/sdk/src/utils.cpp:204
615 [140636783957760] WARN perfrun.system <> - Could not start ContainerMapping collector, at file: vcs/perfrun1/plugins/system/src/controller.cpp:448
660 [140636783957760] INFO perfrun.vdso <> - Helper runtool '/glob/development-tools/versions/oneapi/2023.1.2/oneapi/vtune/2023.1.0/bin32/amplxe-runss -dump-vdso -r /home/u193166/eece-6540-labs/Labs/lab4/vtune_data --tmp-dir /home/u193166/tmp/amplxe-tmp-u193166' returned 1
816 [140636783957760] INFO perfrun.vdso <> - Helper runtool '/glob/development-tools/versions/oneapi/2023.1.2/oneapi/vtune/2023.1.0/bin64/amplxe-runss -dump-vdso -r /home/u193166/eece-6540-labs/Labs/lab4/vtune_data --tmp-dir /home/u193166/tmp/amplxe-tmp-u193166' returned 0
816 [140636783957760] INFO perfrun.itt <> - start itt controller for pid #690643
817 [140636783957760] INFO perfrun.sdk <> - Allocating TMU :/home/u193166/eece-6540-labs/Labs/lab4/vtune_data/data.0/gen_metrics0_0_2_0_0.0.cfg
826 [140636783957760] INFO perfrun.sdk <> - De-allocating TMU: /home/u193166/eece-6540-labs/Labs/lab4/vtune_data/data.0/gen_metrics0_0_2_0_0.0.cfg
826 [140636783957760] INFO perfrun.gpu <> - Creating main data processing loop
826 [140636664088320] INFO perfrun.sdk <> - Allocating TMU :/home/u193166/eece-6540-labs/Labs/lab4/vtune_data/data.0/gen_metrics0_0_2_0_0.0.vtss
826 [140636783957760] INFO perfrun.sdk <> - Reading value (1) from file: /proc/sys/kernel/nmi_watchdog
826 [140636783957760] WARN perfrun.launcher <> - Messenger::say: To enable hardware event-based sampling, VTune Profiler has disabled the NMI watchdog timer. The watchdog timer will be re-enabled after collection completes.
826 [140636783957760] INFO perfrun.sdk <> - runCmd: /glob/development-tools/versions/oneapi/2023.1.2/oneapi/vtune/2023.1.0/bin64/sep -start -experimental -uem timer=10 -em factor=5 -p-state trigger=CPU_CLK_UNHALTED.REF_TSC -out /home/u193166/eece-6540-labs/Labs/lab4/vtune_data/data.0/sep7fe88d8cd700.20230621T142029.416769 -ec INST_RETIRED.ANY:sample:sa=3300000,CPU_CLK_UNHALTED.THREAD:sa=3300000,CPU_CLK_UNHALTED.REF_TSC:sample:sa=3300000,CPU_CLK_UNHALTED.DISTRIBUTED:sa=3300000, -d 0 -uem factor=10
827 [140636783957760] INFO perfrun.sdk <> - runCmd started PID 690650
829 [140636664088320] INFO perfrun.gpu <> - IO stream opening, timer period: 1000000, buffer size: 0 subDevice 0 tile 0
833 [140636664088320] INFO perfrun.gpu <> - IO stream opened, timer period: 851968, buffer size: 16777216
1333 [140636783957760] INFO perfrun.tpss <> - start tpss controller for pid #690643
1391 [140636797294464] INFO perfrun.launcher <> - Launcher: all plugins were started
1391 [140636797294464] INFO perfrun.launcher <> - DirectoryMonitor object was created
1395 [140636797294464] INFO perfrun.launcher <> - DirectoryMonitor: a callback was added
1395 [140636797294464] INFO perfrun.launcher <> - DirectoryMonitor was started with pingTime = 1000
1395 [140636797294464] INFO perfrun.launcher <> - DeadlineTimer is going to be constructed
1395 [140636797294464] INFO perfrun.launcher <> - DeadlineTimer: a callback was added
1417 [140636797294464] INFO perfrun.launcher <> - Launcher: resume the profiled application and  wait its termination or stop command
10104 [140636797294464] INFO perfrun.launcher <> - Launcher: the profiled application was terminated  with exit code = 0
10139 [140636783957760] INFO perfrun.itt <> - detach itt controller
10139 [140636783957760] INFO perfrun.itt <> - detach itt controller done
10139 [140636783957760] INFO perfrun.gpu <> - Waiting for data collection thread to finish
10148 [140636664088320] INFO perfrun.sdk <> - De-allocating TMU: /home/u193166/eece-6540-labs/Labs/lab4/vtune_data/data.0/gen_metrics0_0_2_0_0.0.vtss
10148 [140636664088320] INFO perfrun.gpu <> - Data collection routine finished
10149 [140636783957760] INFO perfrun.gpu <> - Data collection thread finished, shutting down the session
10150 [140636783957760] INFO perfrun.sdk <> - runCmd: /glob/development-tools/versions/oneapi/2023.1.2/oneapi/vtune/2023.1.0/bin64/sep -stop
10151 [140636783957760] INFO perfrun.sdk <> - runCmd started PID 690687
17235 [140636783957760] INFO perfrun.sepdk <> - Sampling successfully stopped.

17235 [140636783957760] INFO perfrun.sepdk <> - Waiting for main SEP process (690650) to finish...
17235 [140636783957760] INFO perfrun.sepdk <> - Main SEP process finished
17236 [140636783957760] INFO perfrun.tpss <> - stop tpss controller
17238 [140636783957760] INFO perfrun.sdk <> - Reading value (0) from file: /proc/sys/dev/i915/perf_stream_paranoid
17241 [140636783957760] INFO perfrun.sdk <> - De-allocating TMU: /home/u193166/eece-6540-labs/Labs/lab4/vtune_data/data.0/systemcollector-690637-s019-n016.sc
17241 [140636783957760] INFO perfrun.system <> - closed the system trace file: /home/u193166/eece-6540-labs/Labs/lab4/vtune_data/data.0/systemcollector-690637-s019-n016.sc
17242 [140636797294464] INFO perfrun.launcher <> - Launcher: all plugins were stopped.
17242 [140636797294464] INFO perfrun.launcher <> - DeadlineTimer is going to be destroyed
17242 [140636797294464] INFO perfrun.launcher <> - DeadlineTimer was destroyed
17242 [140636797294464] INFO perfrun.launcher <> - DirectoryMonitor object was destroyed
17242 [140636797294464] WARN perfrun.launcher <> - Stop command is ignored because it is received when collection is already stopped, at file: vcs/perfrun1/launcher/src/command_handler.cpp:226
17249 [140636797294464] INFO perfrun.launcher <> - Application exit code: 0
17249 [140636797294464] INFO perfrun.launcher <> - Exit code: 0
